[2021-04-30 01:37:03 127.0.0.1:53721] GET / HTTP/1.1
[2021-04-30 01:37:03 127.0.0.1:53722] GET /favicon.ico HTTP/1.1
[2021-04-30 01:38:44 127.0.0.1:53727] GET / HTTP/1.1
[2021-04-30 01:38:46 127.0.0.1:53728] GET / HTTP/1.1
[2021-04-30 01:39:17 0:0:0:0:0:0:0:1:53730] GET / HTTP/1.1
[2021-04-30 01:39:17 0:0:0:0:0:0:0:1:53731] GET /favicon.ico HTTP/1.1
[2021-04-30 01:39:50 0:0:0:0:0:0:0:1:53734] GET / HTTP/1.1
[2021-04-30 01:40:10 0:0:0:0:0:0:0:1:53742] GET / HTTP/1.1
[2021-04-30 01:40:33 0:0:0:0:0:0:0:1:53741] GET / HTTP/1.1
[2021-04-30 01:40:46 0:0:0:0:0:0:0:1:53743] GET / HTTP/1.1
[2021-04-30 01:40:56 0:0:0:0:0:0:0:1:53745] GET / HTTP/1.1
[2021-04-30 01:47:33 0:0:0:0:0:0:0:1:53786] GET /a.html HTTP/1.1
[2021-04-30 01:47:44 0:0:0:0:0:0:0:1:53787] GET /a HTTP/1.1
[2021-04-30 01:47:50 0:0:0:0:0:0:0:1:53788] GET /a/ HTTP/1.1
[2021-04-30 01:48:29 0:0:0:0:0:0:0:1:53790] GET /a/ HTTP/1.1
[2021-04-30 01:48:57 0:0:0:0:0:0:0:1:53791] GET /a/a HTTP/1.1
[2021-04-30 01:59:20 0:0:0:0:0:0:0:1:53871] GET / HTTP/1.1
[2021-04-30 01:59:20 0:0:0:0:0:0:0:1:53870] GET /favicon.ico HTTP/1.1
[2021-04-30 02:03:08 0:0:0:0:0:0:0:1:53969] GET / HTTP/1.1
[2021-04-30 02:03:09 0:0:0:0:0:0:0:1:53970] GET /favicon.ico HTTP/1.1
[2021-04-30 02:14:42 0:0:0:0:0:0:0:1:54035] GET / HTTP/1.1
[2021-05-04 20:21:41 0:0:0:0:0:0:0:1:60837] GET / HTTP/1.1
[2021-05-04 20:22:02 0:0:0:0:0:0:0:1:60840] GET / HTTP/1.1
[2021-05-04 20:29:26 0:0:0:0:0:0:0:1:60869] GET / HTTP/1.1
[2021-05-04 20:29:42 0:0:0:0:0:0:0:1:60870] GET / HTTP/1.1
[2021-05-04 20:32:24 0:0:0:0:0:0:0:1:60892] GET / HTTP/1.1
[2021-05-04 20:32:31 0:0:0:0:0:0:0:1:60897] GET / HTTP/1.1
[2021-05-04 21:02:09 0:0:0:0:0:0:0:1:61207] GET / HTTP/1.1
[2021-05-04 21:35:09 0:0:0:0:0:0:0:1:61427] GET / HTTP/1.1
[2021-05-04 21:35:10 0:0:0:0:0:0:0:1:61428] GET /favicon.ico HTTP/1.1
[2021-05-07 21:06:25 0:0:0:0:0:0:0:1:51071] GET / HTTP/1.1
[2021-05-07 21:06:26 0:0:0:0:0:0:0:1:51072] GET /favicon.ico HTTP/1.1
[2021-05-07 21:36:08 0:0:0:0:0:0:0:1:51447] GET / HTTP/1.1
[2021-05-07 22:12:51 0:0:0:0:0:0:0:1:51711] GET / HTTP/1.1
[2021-05-07 22:13:01 0:0:0:0:0:0:0:1:51715] GET /aaa HTTP/1.1
[2021-05-07 22:31:40 0:0:0:0:0:0:0:1:51847] GET / HTTP/1.1
[2021-05-07 22:31:47 0:0:0:0:0:0:0:1:51848] GET /aaa HTTP/1.1
[2021-05-07 22:31:55 0:0:0:0:0:0:0:1:51849] GET /... HTTP/1.1
[2021-05-07 22:32:02 0:0:0:0:0:0:0:1:51850] GET /what.html HTTP/1.1
[2021-05-07 22:33:09 0:0:0:0:0:0:0:1:51860] GET /what.html HTTP/1.1
[2021-05-07 22:33:18 0:0:0:0:0:0:0:1:51862] GET /ehat HTTP/1.1
[2021-05-07 22:34:50 0:0:0:0:0:0:0:1:51869] GET /what HTTP/1.1
[2021-05-07 22:34:58 0:0:0:0:0:0:0:1:51872] GET /what.html HTTP/1.1
